<?xml version="1.0" encoding="UTF-8"?>
<coverage generated="1766515522882" clover="3.2.0">
  <project timestamp="1766515522882" name="All files">
    <metrics statements="135" coveredstatements="123" conditionals="50" coveredconditionals="44" methods="37" coveredmethods="34" elements="222" coveredelements="201" complexity="0" loc="135" ncloc="135" packages="1" files="4" classes="4"/>
    <file name="EventService.ts" path="/home/b4zs/workspace/klikkmentes/lib/logic/src/services/EventService.ts">
      <metrics statements="22" coveredstatements="22" conditionals="10" coveredconditionals="10" methods="7" coveredmethods="7"/>
      <line num="9" count="2" type="stmt"/>
      <line num="10" count="30" type="stmt"/>
      <line num="11" count="30" type="stmt"/>
      <line num="14" count="2" type="cond" truecount="1" falsecount="0"/>
      <line num="15" count="1" type="stmt"/>
      <line num="18" count="1" type="stmt"/>
      <line num="28" count="2" type="stmt"/>
      <line num="35" count="19" type="cond" truecount="1" falsecount="0"/>
      <line num="36" count="3" type="stmt"/>
      <line num="43" count="16" type="stmt"/>
      <line num="45" count="16" type="stmt"/>
      <line num="53" count="22" type="cond" truecount="1" falsecount="0"/>
      <line num="54" count="1" type="stmt"/>
      <line num="57" count="21" type="stmt"/>
      <line num="58" count="21" type="stmt"/>
      <line num="60" count="21" type="stmt"/>
      <line num="64" count="17" type="cond" truecount="1" falsecount="0"/>
      <line num="65" count="1" type="stmt"/>
      <line num="68" count="16" type="stmt"/>
      <line num="72" count="17" type="cond" truecount="1" falsecount="0"/>
      <line num="73" count="1" type="stmt"/>
      <line num="76" count="16" type="stmt"/>
    </file>
    <file name="NotificationService.ts" path="/home/b4zs/workspace/klikkmentes/lib/logic/src/services/NotificationService.ts">
      <metrics statements="12" coveredstatements="12" conditionals="4" coveredconditionals="4" methods="8" coveredmethods="8"/>
      <line num="3" count="2" type="stmt"/>
      <line num="10" count="228" type="cond" truecount="2" falsecount="0"/>
      <line num="14" count="228" type="stmt"/>
      <line num="23" count="3" type="stmt"/>
      <line num="32" count="7" type="stmt"/>
      <line num="41" count="3" type="stmt"/>
      <line num="42" count="8" type="stmt"/>
      <line num="43" count="3" type="stmt"/>
      <line num="47" count="238" type="stmt"/>
      <line num="48" count="7378" type="stmt"/>
      <line num="49" count="7378" type="cond" truecount="2" falsecount="0"/>
      <line num="50" count="7378" type="stmt"/>
    </file>
    <file name="SchedulerService.ts" path="/home/b4zs/workspace/klikkmentes/lib/logic/src/services/SchedulerService.ts">
      <metrics statements="53" coveredstatements="47" conditionals="21" coveredconditionals="16" methods="11" coveredmethods="10"/>
      <line num="2" count="1" type="stmt"/>
      <line num="3" count="1" type="stmt"/>
      <line num="4" count="1" type="stmt"/>
      <line num="18" count="1" type="stmt"/>
      <line num="24" count="12" type="stmt"/>
      <line num="25" count="12" type="stmt"/>
      <line num="26" count="12" type="stmt"/>
      <line num="30" count="4" type="stmt"/>
      <line num="31" count="4" type="stmt"/>
      <line num="33" count="4" type="stmt"/>
      <line num="34" count="5" type="stmt"/>
      <line num="35" count="5" type="stmt"/>
      <line num="36" count="5" type="stmt"/>
      <line num="39" count="4" type="stmt"/>
      <line num="47" count="16" type="stmt"/>
      <line num="48" count="16" type="stmt"/>
      <line num="50" count="16" type="stmt"/>
      <line num="52" count="16" type="cond" truecount="3" falsecount="0"/>
      <line num="53" count="2" type="stmt"/>
      <line num="56" count="14" type="stmt"/>
      <line num="57" count="14" type="stmt"/>
      <line num="58" count="14" type="stmt"/>
      <line num="60" count="14" type="stmt"/>
      <line num="61" count="102" type="cond" truecount="2" falsecount="0"/>
      <line num="64" count="14" type="cond" truecount="4" falsecount="0"/>
      <line num="65" count="11" type="stmt"/>
      <line num="66" count="101" type="cond" truecount="2" falsecount="0"/>
      <line num="69" count="11" type="stmt"/>
      <line num="77" count="11" type="stmt"/>
      <line num="79" count="224" type="stmt"/>
      <line num="81" count="11" type="stmt"/>
      <line num="82" count="56" type="stmt"/>
      <line num="83" count="224" type="stmt"/>
      <line num="84" count="896" type="stmt"/>
      <line num="85" count="672" type="cond" truecount="1" falsecount="1"/>
      <line num="87" count="224" type="stmt"/>
      <line num="94" count="224" type="stmt"/>
      <line num="99" count="14" type="cond" truecount="2" falsecount="2"/>
      <line num="100" count="0" type="stmt"/>
      <line num="101" count="0" type="stmt"/>
      <line num="104" count="0" type="cond" truecount="0" falsecount="1"/>
      <line num="105" count="0" type="stmt"/>
      <line num="106" count="0" type="stmt"/>
      <line num="110" count="0" type="stmt"/>
      <line num="115" count="14" type="cond" truecount="1" falsecount="0"/>
      <line num="116" count="2" type="stmt"/>
      <line num="117" count="1" type="stmt"/>
      <line num="120" count="2" type="cond" truecount="1" falsecount="0"/>
      <line num="121" count="1" type="stmt"/>
      <line num="122" count="4" type="stmt"/>
      <line num="123" count="4" type="stmt"/>
      <line num="128" count="14" type="stmt"/>
      <line num="132" count="1" type="stmt"/>
    </file>
    <file name="SeatingService.ts" path="/home/b4zs/workspace/klikkmentes/lib/logic/src/services/SeatingService.ts">
      <metrics statements="48" coveredstatements="42" conditionals="15" coveredconditionals="14" methods="11" coveredmethods="9"/>
      <line num="3" count="2" type="stmt"/>
      <line num="11" count="24" type="stmt"/>
      <line num="13" count="24" type="cond" truecount="1" falsecount="0"/>
      <line num="14" count="1" type="stmt"/>
      <line num="17" count="23" type="stmt"/>
      <line num="18" count="23" type="stmt"/>
      <line num="20" count="176" type="stmt"/>
      <line num="30" count="23" type="stmt"/>
      <line num="32" count="23" type="stmt"/>
      <line num="33" count="201" type="stmt"/>
      <line num="34" count="201" type="stmt"/>
      <line num="35" count="804" type="stmt"/>
      <line num="36" count="1206" type="stmt"/>
      <line num="37" count="1206" type="cond" truecount="2" falsecount="0"/>
      <line num="42" count="23" type="stmt"/>
      <line num="51" count="23" type="stmt"/>
      <line num="52" count="176" type="stmt"/>
      <line num="53" count="23" type="stmt"/>
      <line num="55" count="23" type="stmt"/>
      <line num="56" count="176" type="stmt"/>
      <line num="57" count="704" type="stmt"/>
      <line num="58" count="704" type="stmt"/>
      <line num="60" count="704" type="stmt"/>
      <line num="61" count="14000" type="stmt"/>
      <line num="63" count="14000" type="cond" truecount="4" falsecount="0"/>
      <line num="64" count="6842" type="stmt"/>
      <line num="65" count="6842" type="stmt"/>
      <line num="69" count="704" type="cond" truecount="0" falsecount="1"/>
      <line num="70" count="0" type="stmt"/>
      <line num="73" count="704" type="stmt"/>
      <line num="74" count="704" type="stmt"/>
      <line num="78" count="23" type="stmt"/>
      <line num="82" count="14000" type="stmt"/>
      <line num="83" count="14000" type="stmt"/>
      <line num="84" count="20120" type="stmt"/>
      <line num="85" count="20120" type="cond" truecount="2" falsecount="0"/>
      <line num="87" count="14000" type="stmt"/>
      <line num="91" count="0" type="stmt"/>
      <line num="92" count="0" type="stmt"/>
      <line num="94" count="0" type="stmt"/>
      <line num="95" count="0" type="stmt"/>
      <line num="98" count="0" type="stmt"/>
      <line num="102" count="4" type="stmt"/>
      <line num="103" count="9" type="cond" truecount="3" falsecount="0"/>
      <line num="104" count="2" type="stmt"/>
      <line num="107" count="2" type="stmt"/>
      <line num="111" count="21326" type="cond" truecount="2" falsecount="0"/>
      <line num="115" count="176" type="stmt"/>
    </file>
  </project>
</coverage>
