{"/home/b4zs/workspace/klikkmentes/lib/logic/src/services/EventService.ts": {"path":"/home/b4zs/workspace/klikkmentes/lib/logic/src/services/EventService.ts","statementMap":{"0":{"start":{"line":10,"column":19},"end":{"line":10,"column":54}},"1":{"start":{"line":11,"column":19},"end":{"line":11,"column":36}},"2":{"start":{"line":14,"column":4},"end":{"line":16,"column":5}},"3":{"start":{"line":15,"column":6},"end":{"line":15,"column":93}},"4":{"start":{"line":18,"column":4},"end":{"line":24,"column":6}},"5":{"start":{"line":28,"column":4},"end":{"line":31,"column":6}},"6":{"start":{"line":35,"column":4},"end":{"line":41,"column":5}},"7":{"start":{"line":36,"column":6},"end":{"line":40,"column":8}},"8":{"start":{"line":43,"column":25},"end":{"line":43,"column":65}},"9":{"start":{"line":45,"column":4},"end":{"line":49,"column":6}},"10":{"start":{"line":53,"column":4},"end":{"line":55,"column":5}},"11":{"start":{"line":54,"column":6},"end":{"line":54,"column":15}},"12":{"start":{"line":57,"column":24},"end":{"line":57,"column":53}},"13":{"start":{"line":58,"column":18},"end":{"line":58,"column":70}},"14":{"start":{"line":60,"column":4},"end":{"line":60,"column":17}},"15":{"start":{"line":64,"column":4},"end":{"line":66,"column":5}},"16":{"start":{"line":65,"column":6},"end":{"line":65,"column":15}},"17":{"start":{"line":68,"column":4},"end":{"line":68,"column":68}},"18":{"start":{"line":72,"column":4},"end":{"line":74,"column":5}},"19":{"start":{"line":73,"column":6},"end":{"line":73,"column":15}},"20":{"start":{"line":76,"column":4},"end":{"line":76,"column":62}},"21":{"start":{"line":9,"column":0},"end":{"line":9,"column":13}}},"fnMap":{"0":{"name":"(anonymous_0)","decl":{"start":{"line":9,"column":0},"end":{"line":9,"column":13}},"loc":{"start":{"line":9,"column":0},"end":{"line":78,"column":1}}},"1":{"name":"(anonymous_1)","decl":{"start":{"line":13,"column":2},"end":{"line":13,"column":13}},"loc":{"start":{"line":13,"column":84},"end":{"line":25,"column":3}}},"2":{"name":"(anonymous_2)","decl":{"start":{"line":27,"column":2},"end":{"line":27,"column":12}},"loc":{"start":{"line":27,"column":57},"end":{"line":32,"column":3}}},"3":{"name":"(anonymous_3)","decl":{"start":{"line":34,"column":2},"end":{"line":34,"column":16}},"loc":{"start":{"line":34,"column":63},"end":{"line":50,"column":3}}},"4":{"name":"(anonymous_4)","decl":{"start":{"line":52,"column":2},"end":{"line":52,"column":17}},"loc":{"start":{"line":52,"column":64},"end":{"line":61,"column":3}}},"5":{"name":"(anonymous_5)","decl":{"start":{"line":63,"column":2},"end":{"line":63,"column":19}},"loc":{"start":{"line":63,"column":49},"end":{"line":69,"column":3}}},"6":{"name":"(anonymous_6)","decl":{"start":{"line":71,"column":2},"end":{"line":71,"column":17}},"loc":{"start":{"line":71,"column":47},"end":{"line":77,"column":3}}}},"branchMap":{"0":{"loc":{"start":{"line":14,"column":4},"end":{"line":16,"column":5}},"type":"if","locations":[{"start":{"line":14,"column":4},"end":{"line":16,"column":5}}]},"1":{"loc":{"start":{"line":27,"column":27},"end":{"line":27,"column":57}},"type":"default-arg","locations":[{"start":{"line":27,"column":47},"end":{"line":27,"column":57}}]},"2":{"loc":{"start":{"line":34,"column":31},"end":{"line":34,"column":63}},"type":"default-arg","locations":[{"start":{"line":34,"column":53},"end":{"line":34,"column":63}}]},"3":{"loc":{"start":{"line":35,"column":4},"end":{"line":41,"column":5}},"type":"if","locations":[{"start":{"line":35,"column":4},"end":{"line":41,"column":5}}]},"4":{"loc":{"start":{"line":47,"column":16},"end":{"line":47,"column":69}},"type":"binary-expr","locations":[{"start":{"line":47,"column":16},"end":{"line":47,"column":32}},{"start":{"line":47,"column":36},"end":{"line":47,"column":69}}]},"5":{"loc":{"start":{"line":52,"column":32},"end":{"line":52,"column":64}},"type":"default-arg","locations":[{"start":{"line":52,"column":54},"end":{"line":52,"column":64}}]},"6":{"loc":{"start":{"line":53,"column":4},"end":{"line":55,"column":5}},"type":"if","locations":[{"start":{"line":53,"column":4},"end":{"line":55,"column":5}}]},"7":{"loc":{"start":{"line":64,"column":4},"end":{"line":66,"column":5}},"type":"if","locations":[{"start":{"line":64,"column":4},"end":{"line":66,"column":5}}]},"8":{"loc":{"start":{"line":72,"column":4},"end":{"line":74,"column":5}},"type":"if","locations":[{"start":{"line":72,"column":4},"end":{"line":74,"column":5}}]}},"s":{"0":30,"1":30,"2":2,"3":1,"4":1,"5":2,"6":19,"7":3,"8":16,"9":16,"10":22,"11":1,"12":21,"13":21,"14":21,"15":17,"16":1,"17":16,"18":17,"19":1,"20":16,"21":2},"f":{"0":30,"1":2,"2":2,"3":19,"4":22,"5":17,"6":17},"b":{"0":[1],"1":[1],"2":[1],"3":[3],"4":[16,16],"5":[1],"6":[1],"7":[1],"8":[1]}}
,"/home/b4zs/workspace/klikkmentes/lib/logic/src/services/NotificationService.ts": {"path":"/home/b4zs/workspace/klikkmentes/lib/logic/src/services/NotificationService.ts","statementMap":{"0":{"start":{"line":10,"column":26},"end":{"line":12,"column":10}},"1":{"start":{"line":14,"column":4},"end":{"line":19,"column":6}},"2":{"start":{"line":23,"column":4},"end":{"line":28,"column":6}},"3":{"start":{"line":32,"column":4},"end":{"line":37,"column":6}},"4":{"start":{"line":41,"column":4},"end":{"line":43,"column":49}},"5":{"start":{"line":42,"column":30},"end":{"line":42,"column":60}},"6":{"start":{"line":43,"column":22},"end":{"line":43,"column":47}},"7":{"start":{"line":47,"column":4},"end":{"line":51,"column":7}},"8":{"start":{"line":48,"column":16},"end":{"line":48,"column":38}},"9":{"start":{"line":49,"column":16},"end":{"line":49,"column":47}},"10":{"start":{"line":50,"column":6},"end":{"line":50,"column":28}},"11":{"start":{"line":3,"column":0},"end":{"line":3,"column":13}}},"fnMap":{"0":{"name":"(anonymous_0)","decl":{"start":{"line":4,"column":2},"end":{"line":4,"column":37}},"loc":{"start":{"line":8,"column":24},"end":{"line":20,"column":3}}},"1":{"name":"(anonymous_1)","decl":{"start":{"line":22,"column":2},"end":{"line":22,"column":30}},"loc":{"start":{"line":22,"column":62},"end":{"line":29,"column":3}}},"2":{"name":"(anonymous_2)","decl":{"start":{"line":31,"column":2},"end":{"line":31,"column":37}},"loc":{"start":{"line":31,"column":52},"end":{"line":38,"column":3}}},"3":{"name":"(anonymous_3)","decl":{"start":{"line":40,"column":2},"end":{"line":40,"column":24}},"loc":{"start":{"line":40,"column":73},"end":{"line":44,"column":3}}},"4":{"name":"(anonymous_4)","decl":{"start":{"line":42,"column":14},"end":{"line":42,"column":26}},"loc":{"start":{"line":42,"column":30},"end":{"line":42,"column":60}}},"5":{"name":"(anonymous_5)","decl":{"start":{"line":43,"column":12},"end":{"line":43,"column":13}},"loc":{"start":{"line":43,"column":22},"end":{"line":43,"column":47}}},"6":{"name":"(anonymous_6)","decl":{"start":{"line":46,"column":10},"end":{"line":46,"column":22}},"loc":{"start":{"line":46,"column":22},"end":{"line":52,"column":3}}},"7":{"name":"(anonymous_7)","decl":{"start":{"line":47,"column":67},"end":{"line":47,"column":68}},"loc":{"start":{"line":47,"column":73},"end":{"line":51,"column":5}}}},"branchMap":{"0":{"loc":{"start":{"line":10,"column":26},"end":{"line":12,"column":10}},"type":"cond-expr","locations":[{"start":{"line":11,"column":8},"end":{"line":11,"column":52}},{"start":{"line":12,"column":8},"end":{"line":12,"column":10}}]},"1":{"loc":{"start":{"line":49,"column":16},"end":{"line":49,"column":47}},"type":"cond-expr","locations":[{"start":{"line":49,"column":28},"end":{"line":49,"column":29}},{"start":{"line":49,"column":33},"end":{"line":49,"column":46}}]}},"s":{"0":228,"1":228,"2":3,"3":7,"4":3,"5":8,"6":3,"7":238,"8":7378,"9":7378,"10":7378,"11":2},"f":{"0":228,"1":3,"2":7,"3":3,"4":8,"5":3,"6":238,"7":7378},"b":{"0":[225,3],"1":[7140,238]}}
,"/home/b4zs/workspace/klikkmentes/lib/logic/src/services/SchedulerService.ts": {"path":"/home/b4zs/workspace/klikkmentes/lib/logic/src/services/SchedulerService.ts","statementMap":{"0":{"start":{"line":2,"column":0},"end":{"line":2,"column":46}},"1":{"start":{"line":3,"column":0},"end":{"line":3,"column":50}},"2":{"start":{"line":4,"column":0},"end":{"line":4,"column":60}},"3":{"start":{"line":24,"column":4},"end":{"line":24,"column":43}},"4":{"start":{"line":25,"column":4},"end":{"line":25,"column":47}},"5":{"start":{"line":26,"column":4},"end":{"line":26,"column":57}},"6":{"start":{"line":30,"column":42},"end":{"line":30,"column":44}},"7":{"start":{"line":31,"column":45},"end":{"line":31,"column":47}},"8":{"start":{"line":33,"column":4},"end":{"line":37,"column":5}},"9":{"start":{"line":34,"column":21},"end":{"line":34,"column":76}},"10":{"start":{"line":35,"column":6},"end":{"line":35,"column":48}},"11":{"start":{"line":36,"column":6},"end":{"line":36,"column":56}},"12":{"start":{"line":39,"column":4},"end":{"line":39,"column":46}},"13":{"start":{"line":47,"column":42},"end":{"line":47,"column":44}},"14":{"start":{"line":48,"column":45},"end":{"line":48,"column":47}},"15":{"start":{"line":50,"column":19},"end":{"line":50,"column":71}},"16":{"start":{"line":52,"column":4},"end":{"line":54,"column":5}},"17":{"start":{"line":53,"column":6},"end":{"line":53,"column":48}},"18":{"start":{"line":56,"column":25},"end":{"line":56,"column":44}},"19":{"start":{"line":57,"column":27},"end":{"line":57,"column":83}},"20":{"start":{"line":58,"column":25},"end":{"line":58,"column":79}},"21":{"start":{"line":60,"column":30},"end":{"line":61,"column":null}},"22":{"start":{"line":61,"column":12},"end":{"line":61,"column":66}},"23":{"start":{"line":64,"column":4},"end":{"line":97,"column":5}},"24":{"start":{"line":65,"column":29},"end":{"line":66,"column":null}},"25":{"start":{"line":66,"column":14},"end":{"line":66,"column":66}},"26":{"start":{"line":69,"column":24},"end":{"line":74,"column":null}},"27":{"start":{"line":77,"column":6},"end":{"line":77,"column":38}},"28":{"start":{"line":79,"column":22},"end":{"line":79,"column":64}},"29":{"start":{"line":79,"column":53},"end":{"line":79,"column":62}},"30":{"start":{"line":81,"column":6},"end":{"line":96,"column":7}},"31":{"start":{"line":82,"column":8},"end":{"line":95,"column":9}},"32":{"start":{"line":83,"column":29},"end":{"line":85,"column":61}},"33":{"start":{"line":84,"column":26},"end":{"line":84,"column":39}},"34":{"start":{"line":85,"column":23},"end":{"line":85,"column":60}},"35":{"start":{"line":87,"column":31},"end":{"line":91,"column":null}},"36":{"start":{"line":94,"column":10},"end":{"line":94,"column":46}},"37":{"start":{"line":99,"column":4},"end":{"line":113,"column":5}},"38":{"start":{"line":100,"column":40},"end":{"line":101,"column":null}},"39":{"start":{"line":101,"column":13},"end":{"line":101,"column":63}},"40":{"start":{"line":104,"column":6},"end":{"line":112,"column":7}},"41":{"start":{"line":105,"column":8},"end":{"line":111,"column":9}},"42":{"start":{"line":106,"column":31},"end":{"line":108,"column":null}},"43":{"start":{"line":110,"column":10},"end":{"line":110,"column":46}},"44":{"start":{"line":115,"column":4},"end":{"line":126,"column":5}},"45":{"start":{"line":116,"column":42},"end":{"line":117,"column":null}},"46":{"start":{"line":117,"column":13},"end":{"line":117,"column":59}},"47":{"start":{"line":120,"column":6},"end":{"line":125,"column":7}},"48":{"start":{"line":121,"column":8},"end":{"line":124,"column":9}},"49":{"start":{"line":122,"column":31},"end":{"line":122,"column":99}},"50":{"start":{"line":123,"column":10},"end":{"line":123,"column":46}},"51":{"start":{"line":128,"column":4},"end":{"line":128,"column":46}},"52":{"start":{"line":132,"column":4},"end":{"line":132,"column":25}},"53":{"start":{"line":18,"column":0},"end":{"line":18,"column":13}}},"fnMap":{"0":{"name":"(anonymous_0)","decl":{"start":{"line":23,"column":2},"end":{"line":23,"column":null}},"loc":{"start":{"line":23,"column":2},"end":{"line":27,"column":3}}},"1":{"name":"(anonymous_1)","decl":{"start":{"line":29,"column":2},"end":{"line":29,"column":21}},"loc":{"start":{"line":29,"column":81},"end":{"line":40,"column":3}}},"2":{"name":"(anonymous_2)","decl":{"start":{"line":42,"column":2},"end":{"line":42,"column":23}},"loc":{"start":{"line":45,"column":23},"end":{"line":129,"column":3}}},"3":{"name":"(anonymous_3)","decl":{"start":{"line":61,"column":6},"end":{"line":61,"column":8}},"loc":{"start":{"line":61,"column":12},"end":{"line":61,"column":66}}},"4":{"name":"(anonymous_4)","decl":{"start":{"line":66,"column":8},"end":{"line":66,"column":10}},"loc":{"start":{"line":66,"column":14},"end":{"line":66,"column":66}}},"5":{"name":"(anonymous_5)","decl":{"start":{"line":79,"column":48},"end":{"line":79,"column":49}},"loc":{"start":{"line":79,"column":53},"end":{"line":79,"column":62}}},"6":{"name":"(anonymous_6)","decl":{"start":{"line":84,"column":20},"end":{"line":84,"column":22}},"loc":{"start":{"line":84,"column":26},"end":{"line":84,"column":39}}},"7":{"name":"(anonymous_7)","decl":{"start":{"line":85,"column":17},"end":{"line":85,"column":19}},"loc":{"start":{"line":85,"column":23},"end":{"line":85,"column":60}}},"8":{"name":"(anonymous_8)","decl":{"start":{"line":101,"column":8},"end":{"line":101,"column":9}},"loc":{"start":{"line":101,"column":13},"end":{"line":101,"column":63}}},"9":{"name":"(anonymous_9)","decl":{"start":{"line":117,"column":8},"end":{"line":117,"column":9}},"loc":{"start":{"line":117,"column":13},"end":{"line":117,"column":59}}},"10":{"name":"(anonymous_10)","decl":{"start":{"line":131,"column":2},"end":{"line":131,"column":22}},"loc":{"start":{"line":131,"column":52},"end":{"line":133,"column":3}}}},"branchMap":{"0":{"loc":{"start":{"line":29,"column":49},"end":{"line":29,"column":81}},"type":"default-arg","locations":[{"start":{"line":29,"column":71},"end":{"line":29,"column":81}}]},"1":{"loc":{"start":{"line":52,"column":4},"end":{"line":54,"column":5}},"type":"if","locations":[{"start":{"line":52,"column":4},"end":{"line":54,"column":5}}]},"2":{"loc":{"start":{"line":52,"column":8},"end":{"line":52,"column":47}},"type":"binary-expr","locations":[{"start":{"line":52,"column":8},"end":{"line":52,"column":24}},{"start":{"line":52,"column":28},"end":{"line":52,"column":47}}]},"3":{"loc":{"start":{"line":61,"column":12},"end":{"line":61,"column":66}},"type":"binary-expr","locations":[{"start":{"line":61,"column":12},"end":{"line":61,"column":35}},{"start":{"line":61,"column":39},"end":{"line":61,"column":66}}]},"4":{"loc":{"start":{"line":64,"column":4},"end":{"line":97,"column":5}},"type":"if","locations":[{"start":{"line":64,"column":4},"end":{"line":97,"column":5}}]},"5":{"loc":{"start":{"line":64,"column":8},"end":{"line":64,"column":90}},"type":"binary-expr","locations":[{"start":{"line":64,"column":8},"end":{"line":64,"column":38}},{"start":{"line":64,"column":42},"end":{"line":64,"column":57}},{"start":{"line":64,"column":61},"end":{"line":64,"column":90}}]},"6":{"loc":{"start":{"line":66,"column":14},"end":{"line":66,"column":66}},"type":"binary-expr","locations":[{"start":{"line":66,"column":14},"end":{"line":66,"column":37}},{"start":{"line":66,"column":41},"end":{"line":66,"column":66}}]},"7":{"loc":{"start":{"line":85,"column":23},"end":{"line":85,"column":60}},"type":"binary-expr","locations":[{"start":{"line":85,"column":23},"end":{"line":85,"column":44}},{"start":{"line":85,"column":48},"end":{"line":85,"column":60}}]},"8":{"loc":{"start":{"line":99,"column":4},"end":{"line":113,"column":5}},"type":"if","locations":[{"start":{"line":99,"column":4},"end":{"line":113,"column":5}}]},"9":{"loc":{"start":{"line":99,"column":8},"end":{"line":99,"column":92}},"type":"binary-expr","locations":[{"start":{"line":99,"column":8},"end":{"line":99,"column":23}},{"start":{"line":99,"column":27},"end":{"line":99,"column":62}},{"start":{"line":99,"column":66},"end":{"line":99,"column":92}}]},"10":{"loc":{"start":{"line":104,"column":6},"end":{"line":112,"column":7}},"type":"if","locations":[{"start":{"line":104,"column":6},"end":{"line":112,"column":7}}]},"11":{"loc":{"start":{"line":115,"column":4},"end":{"line":126,"column":5}},"type":"if","locations":[{"start":{"line":115,"column":4},"end":{"line":126,"column":5}}]},"12":{"loc":{"start":{"line":120,"column":6},"end":{"line":125,"column":7}},"type":"if","locations":[{"start":{"line":120,"column":6},"end":{"line":125,"column":7}}]}},"s":{"0":1,"1":1,"2":1,"3":12,"4":12,"5":12,"6":4,"7":4,"8":4,"9":5,"10":5,"11":5,"12":4,"13":16,"14":16,"15":16,"16":16,"17":2,"18":14,"19":14,"20":14,"21":14,"22":102,"23":14,"24":11,"25":101,"26":11,"27":11,"28":11,"29":224,"30":11,"31":56,"32":224,"33":896,"34":672,"35":224,"36":224,"37":14,"38":0,"39":0,"40":0,"41":0,"42":0,"43":0,"44":14,"45":2,"46":1,"47":2,"48":1,"49":4,"50":4,"51":14,"52":1,"53":1},"f":{"0":12,"1":4,"2":16,"3":102,"4":101,"5":224,"6":896,"7":672,"8":0,"9":1,"10":1},"b":{"0":[0],"1":[2],"2":[16,4],"3":[102,102],"4":[11],"5":[14,13,11],"6":[101,101],"7":[672,0],"8":[0],"9":[14,12,0],"10":[0],"11":[2],"12":[1]}}
,"/home/b4zs/workspace/klikkmentes/lib/logic/src/services/SeatingService.ts": {"path":"/home/b4zs/workspace/klikkmentes/lib/logic/src/services/SeatingService.ts","statementMap":{"0":{"start":{"line":11,"column":26},"end":{"line":11,"column":27}},"1":{"start":{"line":13,"column":4},"end":{"line":15,"column":5}},"2":{"start":{"line":14,"column":6},"end":{"line":14,"column":134}},"3":{"start":{"line":17,"column":27},"end":{"line":17,"column":76}},"4":{"start":{"line":18,"column":23},"end":{"line":18,"column":93}},"5":{"start":{"line":20,"column":4},"end":{"line":26,"column":8}},"6":{"start":{"line":20,"column":55},"end":{"line":26,"column":6}},"7":{"start":{"line":30,"column":27},"end":{"line":30,"column":52}},"8":{"start":{"line":32,"column":4},"end":{"line":40,"column":5}},"9":{"start":{"line":33,"column":20},"end":{"line":33,"column":33}},"10":{"start":{"line":34,"column":6},"end":{"line":39,"column":7}},"11":{"start":{"line":34,"column":19},"end":{"line":34,"column":20}},"12":{"start":{"line":35,"column":8},"end":{"line":38,"column":9}},"13":{"start":{"line":35,"column":21},"end":{"line":35,"column":26}},"14":{"start":{"line":36,"column":22},"end":{"line":36,"column":60}},"15":{"start":{"line":37,"column":10},"end":{"line":37,"column":70}},"16":{"start":{"line":42,"column":4},"end":{"line":42,"column":26}},"17":{"start":{"line":51,"column":22},"end":{"line":51,"column":37}},"18":{"start":{"line":52,"column":35},"end":{"line":52,"column":76}},"19":{"start":{"line":52,"column":73},"end":{"line":52,"column":75}},"20":{"start":{"line":53,"column":27},"end":{"line":53,"column":43}},"21":{"start":{"line":55,"column":4},"end":{"line":76,"column":5}},"22":{"start":{"line":55,"column":26},"end":{"line":55,"column":27}},"23":{"start":{"line":56,"column":6},"end":{"line":75,"column":7}},"24":{"start":{"line":56,"column":22},"end":{"line":56,"column":23}},"25":{"start":{"line":57,"column":23},"end":{"line":57,"column":25}},"26":{"start":{"line":58,"column":24},"end":{"line":58,"column":32}},"27":{"start":{"line":60,"column":8},"end":{"line":67,"column":9}},"28":{"start":{"line":61,"column":24},"end":{"line":61,"column":98}},"29":{"start":{"line":63,"column":10},"end":{"line":66,"column":11}},"30":{"start":{"line":64,"column":12},"end":{"line":64,"column":30}},"31":{"start":{"line":65,"column":12},"end":{"line":65,"column":30}},"32":{"start":{"line":69,"column":8},"end":{"line":71,"column":9}},"33":{"start":{"line":70,"column":10},"end":{"line":70,"column":82}},"34":{"start":{"line":73,"column":8},"end":{"line":73,"column":46}},"35":{"start":{"line":74,"column":8},"end":{"line":74,"column":40}},"36":{"start":{"line":78,"column":4},"end":{"line":78,"column":22}},"37":{"start":{"line":82,"column":16},"end":{"line":82,"column":17}},"38":{"start":{"line":83,"column":4},"end":{"line":86,"column":5}},"39":{"start":{"line":84,"column":18},"end":{"line":84,"column":57}},"40":{"start":{"line":85,"column":6},"end":{"line":85,"column":44}},"41":{"start":{"line":87,"column":4},"end":{"line":87,"column":17}},"42":{"start":{"line":91,"column":21},"end":{"line":91,"column":65}},"43":{"start":{"line":91,"column":45},"end":{"line":91,"column":64}},"44":{"start":{"line":92,"column":35},"end":{"line":92,"column":37}},"45":{"start":{"line":94,"column":4},"end":{"line":96,"column":5}},"46":{"start":{"line":94,"column":17},"end":{"line":94,"column":18}},"47":{"start":{"line":95,"column":6},"end":{"line":95,"column":82}},"48":{"start":{"line":98,"column":4},"end":{"line":98,"column":22}},"49":{"start":{"line":102,"column":4},"end":{"line":106,"column":5}},"50":{"start":{"line":103,"column":6},"end":{"line":105,"column":7}},"51":{"start":{"line":104,"column":8},"end":{"line":104,"column":20}},"52":{"start":{"line":107,"column":4},"end":{"line":107,"column":17}},"53":{"start":{"line":111,"column":4},"end":{"line":111,"column":81}},"54":{"start":{"line":115,"column":4},"end":{"line":115,"column":56}},"55":{"start":{"line":3,"column":0},"end":{"line":3,"column":13}}},"fnMap":{"0":{"name":"(anonymous_0)","decl":{"start":{"line":4,"column":2},"end":{"line":4,"column":22}},"loc":{"start":{"line":9,"column":35},"end":{"line":27,"column":3}}},"1":{"name":"(anonymous_1)","decl":{"start":{"line":20,"column":26},"end":{"line":20,"column":27}},"loc":{"start":{"line":20,"column":55},"end":{"line":26,"column":6}}},"2":{"name":"(anonymous_2)","decl":{"start":{"line":29,"column":10},"end":{"line":29,"column":29}},"loc":{"start":{"line":29,"column":80},"end":{"line":43,"column":3}}},"3":{"name":"(anonymous_3)","decl":{"start":{"line":45,"column":10},"end":{"line":45,"column":25}},"loc":{"start":{"line":49,"column":25},"end":{"line":79,"column":3}}},"4":{"name":"(anonymous_4)","decl":{"start":{"line":52,"column":67},"end":{"line":52,"column":70}},"loc":{"start":{"line":52,"column":73},"end":{"line":52,"column":75}}},"5":{"name":"(anonymous_5)","decl":{"start":{"line":81,"column":10},"end":{"line":81,"column":31}},"loc":{"start":{"line":81,"column":105},"end":{"line":88,"column":3}}},"6":{"name":"(anonymous_6)","decl":{"start":{"line":90,"column":10},"end":{"line":90,"column":34}},"loc":{"start":{"line":90,"column":94},"end":{"line":99,"column":3}}},"7":{"name":"(anonymous_7)","decl":{"start":{"line":91,"column":39},"end":{"line":91,"column":42}},"loc":{"start":{"line":91,"column":45},"end":{"line":91,"column":64}}},"8":{"name":"(anonymous_8)","decl":{"start":{"line":101,"column":2},"end":{"line":101,"column":23}},"loc":{"start":{"line":101,"column":89},"end":{"line":108,"column":3}}},"9":{"name":"(anonymous_9)","decl":{"start":{"line":110,"column":10},"end":{"line":110,"column":23}},"loc":{"start":{"line":110,"column":56},"end":{"line":112,"column":3}}},"10":{"name":"(anonymous_10)","decl":{"start":{"line":114,"column":10},"end":{"line":114,"column":28}},"loc":{"start":{"line":114,"column":78},"end":{"line":116,"column":3}}}},"branchMap":{"0":{"loc":{"start":{"line":13,"column":4},"end":{"line":15,"column":5}},"type":"if","locations":[{"start":{"line":13,"column":4},"end":{"line":15,"column":5}}]},"1":{"loc":{"start":{"line":37,"column":35},"end":{"line":37,"column":63}},"type":"binary-expr","locations":[{"start":{"line":37,"column":35},"end":{"line":37,"column":58}},{"start":{"line":37,"column":62},"end":{"line":37,"column":63}}]},"2":{"loc":{"start":{"line":63,"column":10},"end":{"line":66,"column":11}},"type":"if","locations":[{"start":{"line":63,"column":10},"end":{"line":66,"column":11}}]},"3":{"loc":{"start":{"line":63,"column":14},"end":{"line":63,"column":79}},"type":"binary-expr","locations":[{"start":{"line":63,"column":14},"end":{"line":63,"column":31}},{"start":{"line":63,"column":36},"end":{"line":63,"column":55}},{"start":{"line":63,"column":59},"end":{"line":63,"column":78}}]},"4":{"loc":{"start":{"line":69,"column":8},"end":{"line":71,"column":9}},"type":"if","locations":[{"start":{"line":69,"column":8},"end":{"line":71,"column":9}}]},"5":{"loc":{"start":{"line":85,"column":15},"end":{"line":85,"column":43}},"type":"binary-expr","locations":[{"start":{"line":85,"column":15},"end":{"line":85,"column":38}},{"start":{"line":85,"column":42},"end":{"line":85,"column":43}}]},"6":{"loc":{"start":{"line":103,"column":6},"end":{"line":105,"column":7}},"type":"if","locations":[{"start":{"line":103,"column":6},"end":{"line":105,"column":7}}]},"7":{"loc":{"start":{"line":103,"column":10},"end":{"line":103,"column":76}},"type":"binary-expr","locations":[{"start":{"line":103,"column":10},"end":{"line":103,"column":41}},{"start":{"line":103,"column":45},"end":{"line":103,"column":76}}]},"8":{"loc":{"start":{"line":111,"column":11},"end":{"line":111,"column":80}},"type":"cond-expr","locations":[{"start":{"line":111,"column":31},"end":{"line":111,"column":54}},{"start":{"line":111,"column":57},"end":{"line":111,"column":80}}]}},"s":{"0":24,"1":24,"2":1,"3":23,"4":23,"5":23,"6":176,"7":23,"8":23,"9":201,"10":201,"11":201,"12":804,"13":804,"14":1206,"15":1206,"16":23,"17":23,"18":23,"19":176,"20":23,"21":23,"22":23,"23":176,"24":176,"25":704,"26":704,"27":704,"28":14000,"29":14000,"30":6842,"31":6842,"32":704,"33":0,"34":704,"35":704,"36":23,"37":14000,"38":14000,"39":20120,"40":20120,"41":14000,"42":0,"43":0,"44":0,"45":0,"46":0,"47":0,"48":0,"49":4,"50":9,"51":2,"52":2,"53":21326,"54":176,"55":2},"f":{"0":24,"1":176,"2":23,"3":23,"4":176,"5":14000,"6":0,"7":0,"8":4,"9":21326,"10":176},"b":{"0":[1],"1":[1206,1174],"2":[6842],"3":[14000,13260,12098],"4":[0],"5":[20120,18551],"6":[2],"7":[9,5],"8":[19073,2253]}}
}
