TN:
SF:src/services/EventService.ts
FN:9,(anonymous_0)
FN:13,(anonymous_1)
FN:27,(anonymous_2)
FN:34,(anonymous_3)
FN:52,(anonymous_4)
FN:63,(anonymous_5)
FN:71,(anonymous_6)
FNF:7
FNH:7
FNDA:30,(anonymous_0)
FNDA:2,(anonymous_1)
FNDA:2,(anonymous_2)
FNDA:19,(anonymous_3)
FNDA:22,(anonymous_4)
FNDA:17,(anonymous_5)
FNDA:17,(anonymous_6)
DA:9,2
DA:10,30
DA:11,30
DA:14,2
DA:15,1
DA:18,1
DA:28,2
DA:35,19
DA:36,3
DA:43,16
DA:45,16
DA:53,22
DA:54,1
DA:57,21
DA:58,21
DA:60,21
DA:64,17
DA:65,1
DA:68,16
DA:72,17
DA:73,1
DA:76,16
LF:22
LH:22
BRDA:14,0,0,1
BRDA:27,1,0,1
BRDA:34,2,0,1
BRDA:35,3,0,3
BRDA:47,4,0,16
BRDA:47,4,1,16
BRDA:52,5,0,1
BRDA:53,6,0,1
BRDA:64,7,0,1
BRDA:72,8,0,1
BRF:10
BRH:10
end_of_record
TN:
SF:src/services/NotificationService.ts
FN:4,(anonymous_0)
FN:22,(anonymous_1)
FN:31,(anonymous_2)
FN:40,(anonymous_3)
FN:42,(anonymous_4)
FN:43,(anonymous_5)
FN:46,(anonymous_6)
FN:47,(anonymous_7)
FNF:8
FNH:8
FNDA:228,(anonymous_0)
FNDA:3,(anonymous_1)
FNDA:7,(anonymous_2)
FNDA:3,(anonymous_3)
FNDA:8,(anonymous_4)
FNDA:3,(anonymous_5)
FNDA:238,(anonymous_6)
FNDA:7378,(anonymous_7)
DA:3,2
DA:10,228
DA:14,228
DA:23,3
DA:32,7
DA:41,3
DA:42,8
DA:43,3
DA:47,238
DA:48,7378
DA:49,7378
DA:50,7378
LF:12
LH:12
BRDA:10,0,0,225
BRDA:10,0,1,3
BRDA:49,1,0,7140
BRDA:49,1,1,238
BRF:4
BRH:4
end_of_record
TN:
SF:src/services/SchedulerService.ts
FN:23,(anonymous_0)
FN:29,(anonymous_1)
FN:42,(anonymous_2)
FN:61,(anonymous_3)
FN:66,(anonymous_4)
FN:79,(anonymous_5)
FN:84,(anonymous_6)
FN:85,(anonymous_7)
FN:101,(anonymous_8)
FN:117,(anonymous_9)
FN:131,(anonymous_10)
FNF:11
FNH:10
FNDA:12,(anonymous_0)
FNDA:4,(anonymous_1)
FNDA:16,(anonymous_2)
FNDA:102,(anonymous_3)
FNDA:101,(anonymous_4)
FNDA:224,(anonymous_5)
FNDA:896,(anonymous_6)
FNDA:672,(anonymous_7)
FNDA:0,(anonymous_8)
FNDA:1,(anonymous_9)
FNDA:1,(anonymous_10)
DA:2,1
DA:3,1
DA:4,1
DA:18,1
DA:24,12
DA:25,12
DA:26,12
DA:30,4
DA:31,4
DA:33,4
DA:34,5
DA:35,5
DA:36,5
DA:39,4
DA:47,16
DA:48,16
DA:50,16
DA:52,16
DA:53,2
DA:56,14
DA:57,14
DA:58,14
DA:60,14
DA:61,102
DA:64,14
DA:65,11
DA:66,101
DA:69,11
DA:77,11
DA:79,224
DA:81,11
DA:82,56
DA:83,224
DA:84,896
DA:85,672
DA:87,224
DA:94,224
DA:99,14
DA:100,0
DA:101,0
DA:104,0
DA:105,0
DA:106,0
DA:110,0
DA:115,14
DA:116,2
DA:117,1
DA:120,2
DA:121,1
DA:122,4
DA:123,4
DA:128,14
DA:132,1
LF:53
LH:47
BRDA:29,0,0,0
BRDA:52,1,0,2
BRDA:52,2,0,16
BRDA:52,2,1,4
BRDA:61,3,0,102
BRDA:61,3,1,102
BRDA:64,4,0,11
BRDA:64,5,0,14
BRDA:64,5,1,13
BRDA:64,5,2,11
BRDA:66,6,0,101
BRDA:66,6,1,101
BRDA:85,7,0,672
BRDA:85,7,1,0
BRDA:99,8,0,0
BRDA:99,9,0,14
BRDA:99,9,1,12
BRDA:99,9,2,0
BRDA:104,10,0,0
BRDA:115,11,0,2
BRDA:120,12,0,1
BRF:21
BRH:16
end_of_record
TN:
SF:src/services/SeatingService.ts
FN:4,(anonymous_0)
FN:20,(anonymous_1)
FN:29,(anonymous_2)
FN:45,(anonymous_3)
FN:52,(anonymous_4)
FN:81,(anonymous_5)
FN:90,(anonymous_6)
FN:91,(anonymous_7)
FN:101,(anonymous_8)
FN:110,(anonymous_9)
FN:114,(anonymous_10)
FNF:11
FNH:9
FNDA:24,(anonymous_0)
FNDA:176,(anonymous_1)
FNDA:23,(anonymous_2)
FNDA:23,(anonymous_3)
FNDA:176,(anonymous_4)
FNDA:14000,(anonymous_5)
FNDA:0,(anonymous_6)
FNDA:0,(anonymous_7)
FNDA:4,(anonymous_8)
FNDA:21326,(anonymous_9)
FNDA:176,(anonymous_10)
DA:3,2
DA:11,24
DA:13,24
DA:14,1
DA:17,23
DA:18,23
DA:20,176
DA:30,23
DA:32,23
DA:33,201
DA:34,201
DA:35,804
DA:36,1206
DA:37,1206
DA:42,23
DA:51,23
DA:52,176
DA:53,23
DA:55,23
DA:56,176
DA:57,704
DA:58,704
DA:60,704
DA:61,14000
DA:63,14000
DA:64,6842
DA:65,6842
DA:69,704
DA:70,0
DA:73,704
DA:74,704
DA:78,23
DA:82,14000
DA:83,14000
DA:84,20120
DA:85,20120
DA:87,14000
DA:91,0
DA:92,0
DA:94,0
DA:95,0
DA:98,0
DA:102,4
DA:103,9
DA:104,2
DA:107,2
DA:111,21326
DA:115,176
LF:48
LH:42
BRDA:13,0,0,1
BRDA:37,1,0,1206
BRDA:37,1,1,1174
BRDA:63,2,0,6842
BRDA:63,3,0,14000
BRDA:63,3,1,13260
BRDA:63,3,2,12098
BRDA:69,4,0,0
BRDA:85,5,0,20120
BRDA:85,5,1,18551
BRDA:103,6,0,2
BRDA:103,7,0,9
BRDA:103,7,1,5
BRDA:111,8,0,19073
BRDA:111,8,1,2253
BRF:15
BRH:14
end_of_record
